\BOOKMARK [1][-]{section.1}{\376\377\000I\000n\000t\000r\000o\000d\000u\000z\000i\000o\000n\000e}{}% 1
\BOOKMARK [1][-]{section.2}{\376\377\000C\000o\000s\000'\000\350\000\040\000l\000'\000A\000l\000g\000o\000r\000i\000t\000m\000o\000\040\000Q\000u\000a\000l\000i\000t\000y\000\040\000T\000h\000r\000e\000s\000h\000o\000l\000d}{}% 2
\BOOKMARK [1][-]{section.3}{\376\377\000P\000r\000i\000n\000c\000i\000p\000i\000o\000\040\000d\000i\000\040\000F\000u\000n\000z\000i\000o\000n\000a\000m\000e\000n\000t\000o}{}% 3
\BOOKMARK [1][-]{section.4}{\376\377\000C\000a\000r\000a\000t\000t\000e\000r\000i\000s\000t\000i\000c\000h\000e\000\040\000D\000i\000s\000t\000i\000n\000t\000i\000v\000e}{}% 4
\BOOKMARK [2][-]{subsection.4.1}{\376\377\000V\000a\000n\000t\000a\000g\000g\000i}{section.4}% 5
\BOOKMARK [2][-]{subsection.4.2}{\376\377\000S\000v\000a\000n\000t\000a\000g\000g\000i}{section.4}% 6
\BOOKMARK [1][-]{section.5}{\376\377\000A\000m\000b\000i\000t\000i\000\040\000d\000i\000\040\000A\000p\000p\000l\000i\000c\000a\000z\000i\000o\000n\000e}{}% 7
\BOOKMARK [1][-]{section.6}{\376\377\000G\000u\000i\000d\000a\000\040\000a\000l\000l\000'\000i\000n\000s\000t\000a\000l\000l\000a\000z\000i\000o\000n\000e}{}% 8
\BOOKMARK [2][-]{subsection.6.1}{\376\377\000I\000n\000s\000t\000a\000l\000l\000a\000z\000i\000o\000n\000e\000\040\000J\000D\000K}{section.6}% 9
\BOOKMARK [2][-]{subsection.6.2}{\376\377\000V\000a\000r\000i\000a\000b\000i\000l\000i\000\040\000d\000i\000\040\000a\000m\000b\000i\000e\000n\000t\000e}{section.6}% 10
\BOOKMARK [2][-]{subsection.6.3}{\376\377\000I\000n\000s\000t\000a\000l\000l\000a\000z\000i\000o\000n\000e\000\040\000M\000y\000S\000Q\000L}{section.6}% 11
\BOOKMARK [2][-]{subsection.6.4}{\376\377\000S\000c\000h\000e\000r\000m\000a\000t\000a\000\040\000i\000n\000i\000z\000i\000a\000l\000e}{section.6}% 12
\BOOKMARK [2][-]{subsection.6.5}{\376\377\000D\000o\000w\000n\000l\000o\000a\000d\000\040\000d\000e\000i\000\040\000f\000i\000l\000e}{section.6}% 13
\BOOKMARK [2][-]{subsection.6.6}{\376\377\000C\000o\000n\000f\000i\000g\000u\000r\000a\000z\000i\000o\000n\000e\000\040\000d\000e\000l\000\040\000a\000c\000c\000o\000u\000n\000t\000\040\000M\000y\000S\000Q\000L}{section.6}% 14
\BOOKMARK [2][-]{subsection.6.7}{\376\377\000S\000c\000h\000e\000r\000m\000a\000t\000a\000\040\000f\000i\000n\000a\000l\000e}{section.6}% 15
\BOOKMARK [1][-]{section.7}{\376\377\000E\000s\000e\000g\000u\000i\000r\000e\000\040\000i\000l\000\040\000p\000r\000o\000g\000e\000t\000t\000o\000\040\000b\000a\000s\000e}{}% 16
\BOOKMARK [2][-]{subsection.7.1}{\376\377\000I\000m\000p\000o\000r\000t\000a\000z\000i\000o\000n\000e\000\040\000d\000e\000l\000\040\000d\000a\000t\000a\000b\000a\000s\000e}{section.7}% 17
\BOOKMARK [2][-]{subsection.7.2}{\376\377\000N\000o\000r\000m\000a\000l\000e\000\040\000f\000u\000n\000z\000i\000o\000n\000a\000m\000e\000n\000t\000o}{section.7}% 18
\BOOKMARK [2][-]{subsection.7.3}{\376\377\000S\000t\000r\000u\000t\000t\000u\000r\000a\000\040\000d\000e\000l\000\040\000p\000r\000o\000g\000e\000t\000t\000o\000\040\000b\000a\000s\000e}{section.7}% 19
\BOOKMARK [1][-]{section.8}{\376\377\000A\000v\000v\000i\000o\000\040\000d\000e\000l\000l\000'\000a\000p\000p\000l\000i\000c\000a\000z\000i\000o\000n\000e}{}% 20
\BOOKMARK [2][-]{subsection.8.1}{\376\377\000E\000s\000e\000c\000u\000z\000i\000o\000n\000e\000\040\000d\000i\000\040\000Q\000T\000B\000\137\000S\000e\000r\000v\000e\000r}{section.8}% 21
\BOOKMARK [2][-]{subsection.8.2}{\376\377\000E\000s\000e\000c\000u\000z\000i\000o\000n\000e\000\040\000d\000i\000\040\000Q\000T\000B\000\137\000C\000l\000i\000e\000n\000t}{section.8}% 22
\BOOKMARK [1][-]{section.9}{\376\377\000A\000v\000v\000i\000o\000\040\000d\000a\000l\000l\000'\000a\000m\000b\000i\000e\000n\000t\000e\000\040\000d\000i\000\040\000s\000v\000i\000l\000u\000p\000p\000o}{}% 23
\BOOKMARK [1][-]{section.10}{\376\377\000T\000e\000s\000t\000\040\000p\000r\000o\000g\000e\000t\000t\000o\000\040\000b\000a\000s\000e}{}% 24
\BOOKMARK [2][-]{subsection.10.1}{\376\377\000G\000e\000s\000t\000i\000o\000n\000e\000\040\000d\000e\000l\000\040\000r\000a\000g\000g\000i\000o}{section.10}% 25
\BOOKMARK [2][-]{subsection.10.2}{\376\377\000U\000s\000c\000i\000t\000a\000\040\000d\000a\000l\000\040\000p\000r\000o\000g\000r\000a\000m\000m\000a}{section.10}% 26
\BOOKMARK [1][-]{section.11}{\376\377\000E\000s\000e\000g\000u\000i\000r\000e\000\040\000i\000l\000\040\000p\000r\000o\000g\000e\000t\000t\000o\000\040\000e\000s\000t\000e\000s\000o}{}% 27
\BOOKMARK [2][-]{subsection.11.1}{\376\377\000M\000o\000d\000i\000f\000i\000c\000h\000e\000\040\000i\000m\000p\000l\000e\000m\000e\000n\000t\000a\000t\000i\000v\000e}{section.11}% 28
\BOOKMARK [2][-]{subsection.11.2}{\376\377\000P\000r\000e\000m\000e\000s\000s\000a}{section.11}% 29
\BOOKMARK [1][-]{section.12}{\376\377\000E\000s\000e\000g\000u\000i\000r\000e\000\040\000l\000'\000a\000p\000p\000l\000i\000c\000a\000z\000i\000o\000n\000e}{}% 30
\BOOKMARK [2][-]{subsection.12.1}{\376\377\000A\000v\000v\000i\000o\000\040\000d\000e\000l\000l\000'\000a\000p\000p\000l\000i\000c\000a\000z\000i\000o\000n\000e}{section.12}% 31
\BOOKMARK [1][-]{section.13}{\376\377\000U\000t\000i\000l\000i\000z\000z\000o\000\040\000d\000e\000l\000\040\000b\000o\000t\000\040\000T\000e\000l\000e\000g\000r\000a\000m}{}% 32
\BOOKMARK [2][-]{subsection.13.1}{\376\377\000S\000c\000h\000e\000r\000m\000a\000t\000a\000\040\000i\000n\000i\000z\000i\000a\000l\000e}{section.13}% 33
\BOOKMARK [2][-]{subsection.13.2}{\376\377\000C\000o\000m\000a\000n\000d\000i\000\040\000d\000e\000l\000\040\000b\000o\000t}{section.13}% 34
\BOOKMARK [2][-]{subsection.13.3}{\376\377\000E\000s\000e\000c\000u\000z\000i\000o\000n\000e\000\040\000d\000e\000l\000l\000'\000a\000l\000g\000o\000r\000i\000t\000m\000o\000\040\000Q\000T}{section.13}% 35
\BOOKMARK [2][-]{subsection.13.4}{\376\377\000S\000a\000l\000v\000a\000r\000e\000\040\000i\000\040\000r\000i\000s\000u\000l\000t\000a\000t\000i}{section.13}% 36
\BOOKMARK [2][-]{subsection.13.5}{\376\377\000C\000a\000r\000i\000c\000a\000r\000e\000\040\000u\000n\000\040\000r\000i\000s\000u\000l\000t\000a\000t\000o\000\040\000p\000r\000e\000c\000e\000d\000e\000n\000t\000e}{section.13}% 37
\BOOKMARK [2][-]{subsection.13.6}{\376\377\000R\000i\000t\000o\000r\000n\000o\000\040\000a\000l\000\040\000m\000e\000n\000\371\000\040\000p\000r\000i\000n\000c\000i\000p\000a\000l\000e}{section.13}% 38
\BOOKMARK [1][-]{section.14}{\376\377\000T\000e\000s\000t\000\040\000p\000r\000o\000g\000e\000t\000t\000o\000\040\000e\000s\000t\000e\000s\000o}{}% 39
\BOOKMARK [2][-]{subsection.14.1}{\376\377\000T\000a\000b\000e\000l\000l\000e\000\040\000n\000o\000n\000\040\000t\000r\000o\000v\000a\000t\000e}{section.14}% 40
\BOOKMARK [2][-]{subsection.14.2}{\376\377\000r\000a\000g\000g\000i\000o\000\040\000n\000o\000n\000\040\000v\000a\000l\000i\000d\000o}{section.14}% 41
\BOOKMARK [2][-]{subsection.14.3}{\376\377\000F\000i\000l\000e\000\040\000n\000o\000n\000\040\000t\000r\000o\000v\000a\000t\000o}{section.14}% 42
